2017/03/22 09:36:21 [TRACE] Log Mode: File (Trace)
2017/03/22 09:36:21 [ INFO] ESCOM-IPN 0.10.18.0313
2017/03/22 09:36:21 [ INFO] Cache Service Enabled
2017/03/22 09:36:21 [ INFO] Session Service Enabled
2017/03/22 09:36:21 [ INFO] Git Version: 2.12.1
2017/03/22 09:36:21 [ INFO] SQLite3 Supported
2017/03/22 09:36:21 [ INFO] Run Mode: Production
2017/03/22 09:36:21 [TRACE] Doing: CheckRepoStats
2017/03/22 09:36:21 [ INFO] First-time run install finished!
2017/03/22 09:38:14 [TRACE] Session ID: a02f18069c00d994
2017/03/22 09:38:14 [TRACE] CSRF Token: dZwQn8gcTJeyw7GQChH9V5zsm_c6MTQ5MDE5NzA5NDU0OTI5MDQ2OQ==
2017/03/22 09:38:14 [TRACE] Template: home
2017/03/22 09:38:21 [TRACE] Session ID: a02f18069c00d994
2017/03/22 09:38:21 [TRACE] CSRF Token: dZwQn8gcTJeyw7GQChH9V5zsm_c6MTQ5MDE5NzA5NDU0OTI5MDQ2OQ==
2017/03/22 09:38:21 [TRACE] Template: user/auth/signin
2017/03/22 09:38:26 [TRACE] Session ID: a02f18069c00d994
2017/03/22 09:38:26 [TRACE] CSRF Token: dZwQn8gcTJeyw7GQChH9V5zsm_c6MTQ5MDE5NzA5NDU0OTI5MDQ2OQ==
2017/03/22 09:38:26 [TRACE] Session ID: a02f18069c00d994
2017/03/22 09:38:26 [TRACE] CSRF Token: ebTNoXncE0b8zm7gd35q21rWyGs6MTQ5MDE5NzEwNjk4MzkwOTkyOQ==
2017/03/22 09:38:26 [TRACE] Template: user/dashboard/dashboard
2017/03/22 09:38:31 [TRACE] Session ID: a02f18069c00d994
2017/03/22 09:38:31 [TRACE] CSRF Token: ebTNoXncE0b8zm7gd35q21rWyGs6MTQ5MDE5NzEwNjk4MzkwOTkyOQ==
2017/03/22 09:38:31 [TRACE] Session ID: a02f18069c00d994
2017/03/22 09:38:31 [TRACE] CSRF Token: LRjt7QfKJObRZ-F0gEYxa9nMg846MTQ5MDE5NzExMTMxNTI5OTc3Mw==
2017/03/22 09:38:31 [TRACE] Template: home
2017/03/22 09:38:59 [TRACE] Session ID: 1ab870b708169cd0
2017/03/22 09:38:59 [TRACE] CSRF Token: Bc6_MJXxUfeXfkJr1hEzoFeFIFU6MTQ5MDE5NzEzOTE2MjA0MTg3NA==
2017/03/22 09:38:59 [TRACE] Template: home
2017/03/22 09:39:02 [TRACE] Session ID: 1ab870b708169cd0
2017/03/22 09:39:02 [TRACE] CSRF Token: Bc6_MJXxUfeXfkJr1hEzoFeFIFU6MTQ5MDE5NzEzOTE2MjA0MTg3NA==
2017/03/22 09:39:02 [TRACE] Template: user/auth/signin
2017/03/22 09:39:06 [TRACE] Session ID: 1ab870b708169cd0
2017/03/22 09:39:06 [TRACE] CSRF Token: Bc6_MJXxUfeXfkJr1hEzoFeFIFU6MTQ5MDE5NzEzOTE2MjA0MTg3NA==
2017/03/22 09:39:06 [TRACE] Session ID: 1ab870b708169cd0
2017/03/22 09:39:06 [TRACE] CSRF Token: bhm-36J2W8NL5CbZGusrl4lGXWE6MTQ5MDE5NzE0NjIyNzk5NTEwOA==
2017/03/22 09:39:06 [TRACE] Template: user/dashboard/dashboard
2017/03/22 09:39:09 [TRACE] Session ID: 1ab870b708169cd0
2017/03/22 09:39:09 [TRACE] CSRF Token: bhm-36J2W8NL5CbZGusrl4lGXWE6MTQ5MDE5NzE0NjIyNzk5NTEwOA==
2017/03/22 09:39:09 [TRACE] Template: user/dashboard/issues
2017/03/22 09:39:09 [TRACE] Session ID: 1ab870b708169cd0
2017/03/22 09:39:09 [TRACE] CSRF Token: bhm-36J2W8NL5CbZGusrl4lGXWE6MTQ5MDE5NzE0NjIyNzk5NTEwOA==
2017/03/22 09:39:09 [TRACE] Template: user/dashboard/issues
2017/03/22 09:39:10 [TRACE] Session ID: 1ab870b708169cd0
2017/03/22 09:39:10 [TRACE] CSRF Token: bhm-36J2W8NL5CbZGusrl4lGXWE6MTQ5MDE5NzE0NjIyNzk5NTEwOA==
2017/03/22 09:39:10 [TRACE] Template: explore/repos
2017/03/22 09:39:11 [TRACE] Session ID: 1ab870b708169cd0
2017/03/22 09:39:11 [TRACE] CSRF Token: bhm-36J2W8NL5CbZGusrl4lGXWE6MTQ5MDE5NzE0NjIyNzk5NTEwOA==
2017/03/22 09:39:11 [TRACE] Template: explore/repos
2017/03/22 09:39:11 [TRACE] Session ID: 1ab870b708169cd0
2017/03/22 09:39:11 [TRACE] CSRF Token: bhm-36J2W8NL5CbZGusrl4lGXWE6MTQ5MDE5NzE0NjIyNzk5NTEwOA==
2017/03/22 09:39:11 [TRACE] Template: user/dashboard/issues
2017/03/22 09:39:12 [TRACE] Session ID: 1ab870b708169cd0
2017/03/22 09:39:12 [TRACE] CSRF Token: bhm-36J2W8NL5CbZGusrl4lGXWE6MTQ5MDE5NzE0NjIyNzk5NTEwOA==
2017/03/22 09:39:12 [TRACE] Template: user/dashboard/dashboard
2017/03/22 09:46:21 [TRACE] Doing: MirrorUpdate
2017/03/22 09:56:21 [TRACE] Doing: MirrorUpdate
2017/03/22 09:59:42 [TRACE] Session ID: 71748a8ea53863ff
2017/03/22 09:59:42 [TRACE] CSRF Token: XGtn_3brfr3fqXcBDpzsZhHqhSk6MTQ5MDE5ODM4MjQ2MzY1OTc2MQ==
2017/03/22 09:59:42 [TRACE] Template: user/dashboard/dashboard
2017/03/22 09:59:51 [TRACE] Session ID: 1ab870b708169cd0
2017/03/22 09:59:51 [TRACE] CSRF Token: bhm-36J2W8NL5CbZGusrl4lGXWE6MTQ5MDE5NzE0NjIyNzk5NTEwOA==
2017/03/22 09:59:51 [TRACE] Template: user/dashboard/dashboard
2017/03/22 10:00:42 [TRACE] Session ID: 71748a8ea53863ff
2017/03/22 10:00:42 [TRACE] CSRF Token: XGtn_3brfr3fqXcBDpzsZhHqhSk6MTQ5MDE5ODM4MjQ2MzY1OTc2MQ==
2017/03/22 10:00:42 [TRACE] Template: user/dashboard/dashboard
2017/03/22 10:06:21 [TRACE] Doing: MirrorUpdate
2017/03/22 10:08:02 [TRACE] Log Mode: File (Trace)
2017/03/22 10:08:02 [ INFO] ESCOM-IPN 0.10.18.0313
2017/03/22 10:08:02 [ INFO] Cache Service Enabled
2017/03/22 10:08:02 [ INFO] Session Service Enabled
2017/03/22 10:08:02 [ INFO] Git Version: 2.12.1
2017/03/22 10:08:02 [ INFO] SQLite3 Supported
2017/03/22 10:08:02 [ INFO] Run Mode: Production
2017/03/22 10:08:02 [TRACE] Doing: CheckRepoStats
2017/03/22 10:08:02 [ INFO] Listen: http://0.0.0.0:80
2017/03/22 10:08:02 [FATAL] [...rfave/cli/command.go:193 Run()] Fail to start server: listen tcp 0.0.0.0:80: bind: permission denied
2017/03/22 10:08:05 [TRACE] Log Mode: File (Trace)
2017/03/22 10:08:05 [ INFO] ESCOM-IPN 0.10.18.0313
2017/03/22 10:08:05 [ INFO] Cache Service Enabled
2017/03/22 10:08:05 [ INFO] Session Service Enabled
2017/03/22 10:08:05 [ INFO] Git Version: 2.12.1
2017/03/22 10:08:05 [ INFO] SQLite3 Supported
2017/03/22 10:08:05 [ INFO] Run Mode: Production
2017/03/22 10:08:05 [TRACE] Doing: CheckRepoStats
2017/03/22 10:08:05 [ INFO] Listen: http://0.0.0.0:80
2017/03/22 10:08:05 [FATAL] [...rfave/cli/command.go:193 Run()] Fail to start server: listen tcp 0.0.0.0:80: bind: permission denied
2017/03/22 10:09:06 [TRACE] Log Mode: File (Trace)
2017/03/22 10:09:06 [ INFO] ESCOM-IPN 0.10.18.0313
2017/03/22 10:09:06 [ INFO] Cache Service Enabled
2017/03/22 10:09:06 [ INFO] Session Service Enabled
2017/03/22 10:09:06 [ INFO] Git Version: 2.12.1
2017/03/22 10:09:06 [ INFO] SQLite3 Supported
2017/03/22 10:09:06 [ INFO] Run Mode: Production
2017/03/22 10:09:06 [TRACE] Doing: CheckRepoStats
2017/03/22 10:09:06 [ INFO] Listen: http://0.0.0.0:80
2017/03/22 10:09:06 [FATAL] [...rfave/cli/command.go:193 Run()] Fail to start server: listen tcp 0.0.0.0:80: bind: permission denied
2017/03/22 10:09:18 [TRACE] Log Mode: File (Trace)
2017/03/22 10:09:18 [ INFO] ESCOM-IPN 0.10.18.0313
2017/03/22 10:09:18 [ INFO] Cache Service Enabled
2017/03/22 10:09:18 [ INFO] Session Service Enabled
2017/03/22 10:09:18 [ INFO] Git Version: 2.12.1
2017/03/22 10:09:18 [ INFO] SQLite3 Supported
2017/03/22 10:09:18 [ INFO] Run Mode: Production
2017/03/22 10:09:18 [TRACE] Doing: CheckRepoStats
2017/03/22 10:09:19 [ INFO] Listen: http://0.0.0.0:80
2017/03/22 10:09:19 [FATAL] [...rfave/cli/command.go:193 Run()] Fail to start server: listen tcp 0.0.0.0:80: bind: permission denied
2017/03/22 10:09:33 [TRACE] Log Mode: File (Trace)
2017/03/22 10:09:33 [ INFO] ESCOM-IPN 0.10.18.0313
2017/03/22 10:09:33 [ INFO] Cache Service Enabled
2017/03/22 10:09:33 [ INFO] Session Service Enabled
2017/03/22 10:09:33 [ INFO] Git Version: 2.12.1
2017/03/22 10:09:33 [ INFO] SQLite3 Supported
2017/03/22 10:09:33 [ INFO] Run Mode: Production
2017/03/22 10:09:33 [TRACE] Doing: CheckRepoStats
2017/03/22 10:09:33 [ INFO] Listen: http://0.0.0.0:6070
2017/03/22 10:09:37 [TRACE] Session ID: f15605f954f8c081
2017/03/22 10:09:37 [TRACE] CSRF Token: mhTGF8hJckisy8tXqko0sW_nDEA6MTQ5MDE5ODk3NzkzNDgyNTY3NQ==
2017/03/22 10:09:37 [TRACE] Template: home
2017/03/22 10:09:46 [TRACE] Log Mode: File (Trace)
2017/03/22 10:09:46 [ INFO] ESCOM-IPN 0.10.18.0313
2017/03/22 10:09:46 [ INFO] Cache Service Enabled
2017/03/22 10:09:46 [ INFO] Session Service Enabled
2017/03/22 10:09:46 [ INFO] Git Version: 2.12.1
2017/03/22 10:09:46 [ INFO] SQLite3 Supported
2017/03/22 10:09:46 [ INFO] Run Mode: Production
2017/03/22 10:09:46 [TRACE] Doing: CheckRepoStats
2017/03/22 10:09:47 [ INFO] Listen: http://0.0.0.0:3000
2017/03/22 10:09:52 [TRACE] Session ID: f15605f954f8c081
2017/03/22 10:09:52 [TRACE] CSRF Token: mhTGF8hJckisy8tXqko0sW_nDEA6MTQ5MDE5ODk3NzkzNDgyNTY3NQ==
2017/03/22 10:09:52 [TRACE] Template: home
2017/03/22 10:10:00 [TRACE] Session ID: d42e636eac357377
2017/03/22 10:10:00 [TRACE] CSRF Token: 4GKSZVA_opAjS0HBHHfS__dhcRg6MTQ5MDE5OTAwMDkyMzg0MzcwNA==
2017/03/22 10:10:00 [TRACE] Template: home
2017/03/22 10:10:05 [TRACE] Session ID: d42e636eac357377
2017/03/22 10:10:05 [TRACE] CSRF Token: 4GKSZVA_opAjS0HBHHfS__dhcRg6MTQ5MDE5OTAwMDkyMzg0MzcwNA==
2017/03/22 10:10:05 [TRACE] Template: user/auth/signin
2017/03/22 10:10:07 [TRACE] Session ID: d42e636eac357377
2017/03/22 10:10:07 [TRACE] CSRF Token: 4GKSZVA_opAjS0HBHHfS__dhcRg6MTQ5MDE5OTAwMDkyMzg0MzcwNA==
2017/03/22 10:10:07 [TRACE] Session ID: d42e636eac357377
2017/03/22 10:10:07 [TRACE] CSRF Token: YuY8gGy7gTo6gUYqUBAC8mq1tSo6MTQ5MDE5OTAwNzIwODIwMzY1OA==
2017/03/22 10:10:07 [TRACE] Template: user/dashboard/dashboard
2017/03/22 10:10:14 [TRACE] Session ID: d42e636eac357377
2017/03/22 10:10:14 [TRACE] CSRF Token: YuY8gGy7gTo6gUYqUBAC8mq1tSo6MTQ5MDE5OTAwNzIwODIwMzY1OA==
2017/03/22 10:10:14 [TRACE] Template: admin/dashboard
2017/03/22 10:10:19 [TRACE] Session ID: d42e636eac357377
2017/03/22 10:10:19 [TRACE] CSRF Token: YuY8gGy7gTo6gUYqUBAC8mq1tSo6MTQ5MDE5OTAwNzIwODIwMzY1OA==
2017/03/22 10:10:19 [TRACE] Template: admin/user/list
2017/03/22 10:10:22 [TRACE] Session ID: d42e636eac357377
2017/03/22 10:10:22 [TRACE] CSRF Token: YuY8gGy7gTo6gUYqUBAC8mq1tSo6MTQ5MDE5OTAwNzIwODIwMzY1OA==
2017/03/22 10:10:22 [TRACE] Template: admin/dashboard
2017/03/22 10:10:30 [TRACE] Session ID: d42e636eac357377
2017/03/22 10:10:30 [TRACE] CSRF Token: YuY8gGy7gTo6gUYqUBAC8mq1tSo6MTQ5MDE5OTAwNzIwODIwMzY1OA==
2017/03/22 10:10:30 [TRACE] Template: admin/auth/list
2017/03/22 10:10:31 [TRACE] Session ID: d42e636eac357377
2017/03/22 10:10:31 [TRACE] CSRF Token: YuY8gGy7gTo6gUYqUBAC8mq1tSo6MTQ5MDE5OTAwNzIwODIwMzY1OA==
2017/03/22 10:10:31 [TRACE] Template: admin/repo/list
2017/03/22 10:10:32 [TRACE] Session ID: d42e636eac357377
2017/03/22 10:10:32 [TRACE] CSRF Token: YuY8gGy7gTo6gUYqUBAC8mq1tSo6MTQ5MDE5OTAwNzIwODIwMzY1OA==
2017/03/22 10:10:32 [TRACE] Template: admin/org/list
2017/03/22 10:10:32 [TRACE] Session ID: d42e636eac357377
2017/03/22 10:10:32 [TRACE] CSRF Token: YuY8gGy7gTo6gUYqUBAC8mq1tSo6MTQ5MDE5OTAwNzIwODIwMzY1OA==
2017/03/22 10:10:32 [TRACE] Template: admin/user/list
2017/03/22 10:10:33 [TRACE] Session ID: d42e636eac357377
2017/03/22 10:10:33 [TRACE] CSRF Token: YuY8gGy7gTo6gUYqUBAC8mq1tSo6MTQ5MDE5OTAwNzIwODIwMzY1OA==
2017/03/22 10:10:33 [TRACE] Template: admin/dashboard
2017/03/22 10:10:39 [TRACE] Session ID: d42e636eac357377
2017/03/22 10:10:39 [TRACE] CSRF Token: YuY8gGy7gTo6gUYqUBAC8mq1tSo6MTQ5MDE5OTAwNzIwODIwMzY1OA==
2017/03/22 10:10:39 [TRACE] Template: user/settings/profile
2017/03/22 10:10:43 [TRACE] Session ID: d42e636eac357377
2017/03/22 10:10:43 [TRACE] CSRF Token: YuY8gGy7gTo6gUYqUBAC8mq1tSo6MTQ5MDE5OTAwNzIwODIwMzY1OA==
2017/03/22 10:10:43 [TRACE] Session ID: d42e636eac357377
2017/03/22 10:10:43 [TRACE] CSRF Token: 2_tBdGOz40634vIle3tORcknW2Y6MTQ5MDE5OTA0MzM0MjY4NDI2MQ==
2017/03/22 10:10:43 [TRACE] Template: home
2017/03/22 10:10:47 [TRACE] Session ID: d42e636eac357377
2017/03/22 10:10:47 [TRACE] CSRF Token: 2_tBdGOz40634vIle3tORcknW2Y6MTQ5MDE5OTA0MzM0MjY4NDI2MQ==
2017/03/22 10:10:47 [TRACE] Template: user/auth/signin
2017/03/22 10:10:50 [TRACE] Session ID: d42e636eac357377
2017/03/22 10:10:50 [TRACE] CSRF Token: 2_tBdGOz40634vIle3tORcknW2Y6MTQ5MDE5OTA0MzM0MjY4NDI2MQ==
2017/03/22 10:10:50 [TRACE] Template: user/auth/signup
2017/03/22 10:19:46 [TRACE] Doing: MirrorUpdate
2017/03/22 10:29:46 [TRACE] Doing: MirrorUpdate
2017/03/22 10:39:46 [TRACE] Doing: MirrorUpdate
2017/03/22 10:49:46 [TRACE] Doing: MirrorUpdate
2017/03/22 10:59:46 [TRACE] Doing: MirrorUpdate
2017/03/22 11:09:46 [TRACE] Doing: MirrorUpdate
2017/03/22 11:19:46 [TRACE] Doing: MirrorUpdate
2017/03/22 11:20:22 [TRACE] Session ID: e1199e5df5c88412
2017/03/22 11:20:22 [TRACE] CSRF Token: apPpx5xXGivQD_kvdfPUvecW97E6MTQ5MDIwMzIyMjYzNzM5ODU0NA==
2017/03/22 11:20:22 [TRACE] Template: home
2017/03/22 11:20:29 [TRACE] Session ID: e1199e5df5c88412
2017/03/22 11:20:29 [TRACE] CSRF Token: apPpx5xXGivQD_kvdfPUvecW97E6MTQ5MDIwMzIyMjYzNzM5ODU0NA==
2017/03/22 11:20:29 [TRACE] Template: user/auth/signin
2017/03/22 11:20:33 [TRACE] Session ID: e1199e5df5c88412
2017/03/22 11:20:33 [TRACE] CSRF Token: apPpx5xXGivQD_kvdfPUvecW97E6MTQ5MDIwMzIyMjYzNzM5ODU0NA==
2017/03/22 11:20:33 [TRACE] Session ID: e1199e5df5c88412
2017/03/22 11:20:33 [TRACE] CSRF Token: N7hsUmtygqCXMYtncj_A9YIdQwk6MTQ5MDIwMzIzMzE0NzgwMTgwNg==
2017/03/22 11:20:33 [TRACE] Template: user/dashboard/dashboard
